#Timing report of worst 1 path(s)
# Unit scale: 1e-09 seconds
# Output precision: 3

#Path 1
Startpoint: s.inpad[0] (.input clocked by virtual_io_clock)
Endpoint  : out:redled.outpad[0] (.output clocked by virtual_io_clock)
Path Type : setup

Point                                                                          Incr      Path
---------------------------------------------------------------------------------------------
clock virtual_io_clock (rise edge)                                            0.000     0.000
clock source latency                                                          0.000     0.000
input external delay                                                          0.000     0.000
s.inpad[0] (.input)                                                           0.000     0.000
$iopadmap$Assignment5.s.I_PAD_$inp[0] (BIDIR_CELL)                            0.000     0.000
$iopadmap$Assignment5.s.I_DAT[0] (BIDIR_CELL)                                10.958    10.958
redled_LUT3_O.t_frag.XAB[0] (T_FRAG)                                          5.966    16.924
redled_LUT3_O.t_frag.XZ[0] (T_FRAG)                                           1.305    18.229
$iopadmap$Assignment5.redled.O_DAT[0] (BIDIR_CELL)                            9.885    28.115
$iopadmap$Assignment5.redled.O_PAD_$out[0] (BIDIR_CELL)                       9.809    37.924
out:redled.outpad[0] (.output)                                                0.000    37.924
data arrival time                                                                      37.924

clock virtual_io_clock (rise edge)                                            0.000     0.000
clock source latency                                                          0.000     0.000
clock uncertainty                                                             0.000     0.000
output external delay                                                         0.000     0.000
data required time                                                                      0.000
---------------------------------------------------------------------------------------------
data required time                                                                      0.000
data arrival time                                                                     -37.924
---------------------------------------------------------------------------------------------
slack (VIOLATED)                                                                      -37.924


#End of timing report
